  enemy.cpp
F:\Repos\nyanya\nyanya\enemy.cpp(35,7): warning C4553: '==': result of expression not used; did you intend '='?
  enemymanager.cpp
F:\Repos\nyanya\nyanya\enemymanager.cpp(14,81): warning C4267: 'argument': conversion from 'size_t' to '_Ty', possible loss of data
F:\Repos\nyanya\nyanya\enemymanager.cpp(14,81): warning C4267:         with
F:\Repos\nyanya\nyanya\enemymanager.cpp(14,81): warning C4267:         [
F:\Repos\nyanya\nyanya\enemymanager.cpp(14,81): warning C4267:             _Ty=int
F:\Repos\nyanya\nyanya\enemymanager.cpp(14,81): warning C4267:         ]
F:\Repos\nyanya\nyanya\enemymanager.cpp(15,78): warning C4267: 'argument': conversion from 'size_t' to '_Ty', possible loss of data
F:\Repos\nyanya\nyanya\enemymanager.cpp(15,78): warning C4267:         with
F:\Repos\nyanya\nyanya\enemymanager.cpp(15,78): warning C4267:         [
F:\Repos\nyanya\nyanya\enemymanager.cpp(15,78): warning C4267:             _Ty=int
F:\Repos\nyanya\nyanya\enemymanager.cpp(15,78): warning C4267:         ]
  game.cpp
F:\Repos\nyanya\nyanya\game.cpp(34,54): warning C4244: 'argument': conversion from 'T' to 'float', possible loss of data
F:\Repos\nyanya\nyanya\game.cpp(34,54): warning C4244:         with
F:\Repos\nyanya\nyanya\game.cpp(34,54): warning C4244:         [
F:\Repos\nyanya\nyanya\game.cpp(34,54): warning C4244:             T=unsigned int
F:\Repos\nyanya\nyanya\game.cpp(34,54): warning C4244:         ]
F:\Repos\nyanya\nyanya\game.cpp(34,34): warning C4244: 'argument': conversion from 'T' to 'float', possible loss of data
F:\Repos\nyanya\nyanya\game.cpp(34,34): warning C4244:         with
F:\Repos\nyanya\nyanya\game.cpp(34,34): warning C4244:         [
F:\Repos\nyanya\nyanya\game.cpp(34,34): warning C4244:             T=unsigned int
F:\Repos\nyanya\nyanya\game.cpp(34,34): warning C4244:         ]
  leveledit.cpp
F:\Repos\nyanya\nyanya\leveledit.cpp(10,61): warning C4244: 'argument': conversion from 'T' to 'float', possible loss of data
F:\Repos\nyanya\nyanya\leveledit.cpp(10,61): warning C4244:         with
F:\Repos\nyanya\nyanya\leveledit.cpp(10,61): warning C4244:         [
F:\Repos\nyanya\nyanya\leveledit.cpp(10,61): warning C4244:             T=unsigned int
F:\Repos\nyanya\nyanya\leveledit.cpp(10,61): warning C4244:         ]
F:\Repos\nyanya\nyanya\leveledit.cpp(10,36): warning C4244: 'argument': conversion from 'T' to 'float', possible loss of data
F:\Repos\nyanya\nyanya\leveledit.cpp(10,36): warning C4244:         with
F:\Repos\nyanya\nyanya\leveledit.cpp(10,36): warning C4244:         [
F:\Repos\nyanya\nyanya\leveledit.cpp(10,36): warning C4244:             T=unsigned int
F:\Repos\nyanya\nyanya\leveledit.cpp(10,36): warning C4244:         ]
F:\Repos\nyanya\nyanya\leveledit.cpp(87,41): warning C4267: '=': conversion from 'size_t' to 'int', possible loss of data
F:\Repos\nyanya\nyanya\leveledit.cpp(104,8): warning C4244: 'initializing': conversion from 'T' to 'int', possible loss of data
F:\Repos\nyanya\nyanya\leveledit.cpp(104,8): warning C4244:         with
F:\Repos\nyanya\nyanya\leveledit.cpp(104,8): warning C4244:         [
F:\Repos\nyanya\nyanya\leveledit.cpp(104,8): warning C4244:             T=float
F:\Repos\nyanya\nyanya\leveledit.cpp(104,8): warning C4244:         ]
F:\Repos\nyanya\nyanya\leveledit.cpp(105,8): warning C4244: 'initializing': conversion from 'T' to 'int', possible loss of data
F:\Repos\nyanya\nyanya\leveledit.cpp(105,8): warning C4244:         with
F:\Repos\nyanya\nyanya\leveledit.cpp(105,8): warning C4244:         [
F:\Repos\nyanya\nyanya\leveledit.cpp(105,8): warning C4244:             T=float
F:\Repos\nyanya\nyanya\leveledit.cpp(105,8): warning C4244:         ]
F:\Repos\nyanya\nyanya\leveledit.cpp(110,8): warning C4244: 'initializing': conversion from 'T' to 'int', possible loss of data
F:\Repos\nyanya\nyanya\leveledit.cpp(110,8): warning C4244:         with
F:\Repos\nyanya\nyanya\leveledit.cpp(110,8): warning C4244:         [
F:\Repos\nyanya\nyanya\leveledit.cpp(110,8): warning C4244:             T=float
F:\Repos\nyanya\nyanya\leveledit.cpp(110,8): warning C4244:         ]
F:\Repos\nyanya\nyanya\leveledit.cpp(111,8): warning C4244: 'initializing': conversion from 'T' to 'int', possible loss of data
F:\Repos\nyanya\nyanya\leveledit.cpp(111,8): warning C4244:         with
F:\Repos\nyanya\nyanya\leveledit.cpp(111,8): warning C4244:         [
F:\Repos\nyanya\nyanya\leveledit.cpp(111,8): warning C4244:             T=float
F:\Repos\nyanya\nyanya\leveledit.cpp(111,8): warning C4244:         ]
  main.cpp
  tilemap.cpp
  player.cpp
  projectile.cpp
  util.cpp
  Generating Code...
  nyanya.vcxproj -> F:\Repos\nyanya\x64\Debug\nyanya.exe
